[debug] [2023-02-22T06:16:39.018Z] ----------------------------------------------------------------------
[debug] [2023-02-22T06:16:39.020Z] Command:       C:\Program Files\nodejs\node.exe C:\Users\81OJE\AppData\Roaming\npm\node_modules\firebase-tools\lib\bin\firebase.js init
[debug] [2023-02-22T06:16:39.021Z] CLI Version:   11.23.1
[debug] [2023-02-22T06:16:39.021Z] Platform:      win32
[debug] [2023-02-22T06:16:39.021Z] Node Version:  v16.17.0
[debug] [2023-02-22T06:16:39.023Z] Time:          Tue Feb 21 2023 22:16:39 GMT-0800 (Pacific Standard Time)
[debug] [2023-02-22T06:16:39.023Z] ----------------------------------------------------------------------
[debug] 
[debug] [2023-02-22T06:16:39.105Z] > command requires scopes: ["email","openid","https://www.googleapis.com/auth/cloudplatformprojects.readonly","https://www.googleapis.com/auth/firebase","https://www.googleapis.com/auth/cloud-platform"]
[debug] [2023-02-22T06:16:39.105Z] > authorizing via signed-in user (natalie@staffingzonesnow.com)
[info] 
     ######## #### ########  ######## ########     ###     ######  ########
     ##        ##  ##     ## ##       ##     ##  ##   ##  ##       ##
     ######    ##  ########  ######   ########  #########  ######  ######
     ##        ##  ##    ##  ##       ##     ## ##     ##       ## ##
     ##       #### ##     ## ######## ########  ##     ##  ######  ########

You're about to initialize a Firebase project in this directory:

  C:\Users\81OJE\Downloads\personal-landing-page

Before we get started, keep in mind:

  * You are initializing within an existing Firebase project directory

[info] 
=== Project Setup
[info] 
[info] First, let's associate this project directory with a Firebase project.
[info] You can create multiple project aliases by running firebase use --add, 
[info] but for now we'll just set up a default project.
[info] 
[debug] [2023-02-22T06:17:15.303Z] Using project from CLI flag: personal-landing-page-2cf01
[debug] [2023-02-22T06:17:15.308Z] >>> [apiv2][query] GET https://firebase.googleapis.com/v1beta1/projects/personal-landing-page-2cf01 [none]
[debug] [2023-02-22T06:17:15.701Z] <<< [apiv2][status] GET https://firebase.googleapis.com/v1beta1/projects/personal-landing-page-2cf01 200
[debug] [2023-02-22T06:17:15.701Z] <<< [apiv2][body] GET https://firebase.googleapis.com/v1beta1/projects/personal-landing-page-2cf01 {"projectId":"personal-landing-page-2cf01","projectNumber":"232393038955","displayName":"personal-landing-page","name":"projects/personal-landing-page-2cf01","resources":{"hostingSite":"personal-landing-page-2cf01","realtimeDatabaseInstance":"personal-landing-page-2cf01-default-rtdb"},"state":"ACTIVE","etag":"1_614a1eff-3955-421f-9155-e98baae9304e"}
[info] i  Using project personal-landing-page-2cf01 (personal-landing-page) 
[info] 
=== Hosting Setup
[info] 
[info] Your public directory is the folder (relative to your project directory) that
[info] will contain Hosting assets to be uploaded with firebase deploy. If you
[info] have a build process for your assets, use your build's output directory.
[info] 
[debug] [2023-02-22T06:17:26.932Z] >>> [apiv2][query] GET https://www.gstatic.com/firebasejs/releases.json [none]
[debug] [2023-02-22T06:17:26.996Z] <<< [apiv2][status] GET https://www.gstatic.com/firebasejs/releases.json 200
[debug] [2023-02-22T06:17:26.996Z] <<< [apiv2][body] GET https://www.gstatic.com/firebasejs/releases.json {"current":{"version":"9.17.1","browserURL":"https://www.gstatic.com/firebasejs/9.17.1/firebase.js","packageURL":"https://www.gstatic.com/firebasejs/9.17.1/firebase.tgz"},"live":{"version":"9.17","browserURL":"https://www.gstatic.com/firebasejs/live/9.17/firebase.js","packageURL":"https://www.gstatic.com/firebasejs/live/9.17/firebase.tgz"},"components":{"analytics":"https://www.gstatic.com/firebasejs/9.17.1/firebase-analytics.js","app":"https://www.gstatic.com/firebasejs/9.17.1/firebase-app.js","app-check":"https://www.gstatic.com/firebasejs/9.17.1/firebase-app-check.js","auth":"https://www.gstatic.com/firebasejs/9.17.1/firebase-auth.js","auth/cordova":"https://www.gstatic.com/firebasejs/9.17.1/firebase-auth/cordova.js","auth/react-native":"https://www.gstatic.com/firebasejs/9.17.1/firebase-auth/react-native.js","functions":"https://www.gstatic.com/firebasejs/9.17.1/firebase-functions.js","firestore":"https://www.gstatic.com/firebasejs/9.17.1/firebase-firestore.js","firestore/lite":"https://www.gstatic.com/firebasejs/9.17.1/firebase-firestore/lite.js","installations":"https://www.gstatic.com/firebasejs/9.17.1/firebase-installations.js","storage":"https://www.gstatic.com/firebasejs/9.17.1/firebase-storage.js","performance":"https://www.gstatic.com/firebasejs/9.17.1/firebase-performance.js","remote-config":"https://www.gstatic.com/firebasejs/9.17.1/firebase-remote-config.js","messaging":"https://www.gstatic.com/firebasejs/9.17.1/firebase-messaging.js","messaging/sw":"https://www.gstatic.com/firebasejs/9.17.1/firebase-messaging/sw.js","database":"https://www.gstatic.com/firebasejs/9.17.1/firebase-database.js","firestore.memory":"https://www.gstatic.com/firebasejs/9.17.1/firebase-firestore.memory.js"}}
[info] +  Wrote public/index.html 
[info] 
[info] i  Didn't detect a .git folder. Assuming C:\Users\81OJE\Downloads\personal-landing-page is the project root. 
[info] i  Authorizing with GitHub to upload your service account to a GitHub repository's secrets store. 
[info] 
[info] Visit this URL on this device to log in:
[info] https://github.com/login/oauth/authorize?client_id=89cf50f02ac6aaed3484&state=1031973973&redirect_uri=http%3A%2F%2Flocalhost%3A9005&scope=read%3Auser%20repo%20public_repo
[info] 
[info] Waiting for authentication...
[debug] [2023-02-22T06:17:31.833Z] >>> [apiv2][query] POST https://github.com/login/oauth/access_token [none]
[debug] [2023-02-22T06:17:31.833Z] >>> [apiv2][body] POST https://github.com/login/oauth/access_token [stream]
[debug] [2023-02-22T06:17:32.162Z] <<< [apiv2][status] POST https://github.com/login/oauth/access_token 200
[debug] [2023-02-22T06:17:32.163Z] <<< [apiv2][body] POST https://github.com/login/oauth/access_token {"access_token":"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","token_type":"bearer","scope":"read:user,repo"}
[debug] [2023-02-22T06:17:32.202Z] >>> [apiv2][query] GET https://api.github.com/user [none]
[debug] [2023-02-22T06:17:32.531Z] <<< [apiv2][status] GET https://api.github.com/user 200
[debug] [2023-02-22T06:17:32.532Z] <<< [apiv2][body] GET https://api.github.com/user {"login":"Natalievo1","id":113080999,"node_id":"U_kgDOBr16pw","avatar_url":"https://avatars.githubusercontent.com/u/113080999?v=4","gravatar_id":"","url":"https://api.github.com/users/Natalievo1","html_url":"https://github.com/Natalievo1","followers_url":"https://api.github.com/users/Natalievo1/followers","following_url":"https://api.github.com/users/Natalievo1/following{/other_user}","gists_url":"https://api.github.com/users/Natalievo1/gists{/gist_id}","starred_url":"https://api.github.com/users/Natalievo1/starred{/owner}{/repo}","subscriptions_url":"https://api.github.com/users/Natalievo1/subscriptions","organizations_url":"https://api.github.com/users/Natalievo1/orgs","repos_url":"https://api.github.com/users/Natalievo1/repos","events_url":"https://api.github.com/users/Natalievo1/events{/privacy}","received_events_url":"https://api.github.com/users/Natalievo1/received_events","type":"User","site_admin":false,"name":null,"company":null,"blog":"","location":null,"email":null,"hireable":null,"bio":null,"twitter_username":null,"public_repos":24,"public_gists":0,"followers":0,"following":0,"created_at":"2022-09-08T03:29:48Z","updated_at":"2022-09-15T02:23:28Z","private_gists":0,"total_private_repos":0,"owned_private_repos":0,"disk_usage":1456,"collaborators":0,"two_factor_authentication":false,"plan":{"name":"free","space":976562499,"collaborators":0,"private_repos":10000}}
[info] 
[info] +  Success! Logged into GitHub as Natalievo1 
[info] 
